line 4 - token: 9 - content: function
line 4 - token: 48 - content: allwords
line 4 - token: 37 - content: (
line 4 - token: 38 - content: )
line 5 - token: 12 - content: local
line 5 - token: 48 - content: line
line 5 - token: 36 - content: =
line 5 - token: 48 - content: io
line 5 - token: 46 - content: .
line 5 - token: 48 - content: read
line 5 - token: 37 - content: (
line 5 - token: 38 - content: )
line 6 - token: 12 - content: local
line 6 - token: 48 - content: pos
line 6 - token: 36 - content: =
line 6 - token: 50 - content: 1
line 7 - token: 17 - content: return
line 7 - token: 9 - content: function
line 7 - token: 37 - content: (
line 7 - token: 38 - content: )
line 8 - token: 21 - content: while
line 8 - token: 48 - content: line
line 8 - token: 3 - content: do
line 9 - token: 12 - content: local
line 9 - token: 48 - content: s
line 9 - token: 45 - content: ,
line 9 - token: 48 - content: e
line 9 - token: 36 - content: =
line 9 - token: 48 - content: string
line 9 - token: 46 - content: .
line 9 - token: 48 - content: find
line 9 - token: 37 - content: (
line 9 - token: 48 - content: line
line 9 - token: 45 - content: ,
line 9 - token: 49 - content: "
    string content: "%w+"
line 9 - token: 45 - content: ,
line 9 - token: 48 - content: pos
line 9 - token: 38 - content: )
line 10 - token: 10 - content: if
line 10 - token: 48 - content: s
line 10 - token: 18 - content: then
line 11 - token: 48 - content: pos
line 11 - token: 36 - content: =
line 11 - token: 48 - content: e
line 11 - token: 22 - content: +
line 11 - token: 50 - content: 1
line 12 - token: 17 - content: return
line 12 - token: 48 - content: string
line 12 - token: 46 - content: .
line 12 - token: 48 - content: sub
line 12 - token: 37 - content: (
line 12 - token: 48 - content: line
line 12 - token: 45 - content: ,
line 12 - token: 48 - content: s
line 12 - token: 45 - content: ,
line 12 - token: 48 - content: e
line 12 - token: 38 - content: )
line 13 - token: 4 - content: else
line 14 - token: 48 - content: line
line 14 - token: 36 - content: =
line 14 - token: 48 - content: io
line 14 - token: 46 - content: .
line 14 - token: 48 - content: read
line 14 - token: 37 - content: (
line 14 - token: 38 - content: )
line 15 - token: 48 - content: pos
line 15 - token: 36 - content: =
line 15 - token: 50 - content: 1
line 16 - token: 6 - content: end
line 17 - token: 6 - content: end
line 18 - token: 17 - content: return
line 18 - token: 13 - content: nil
line 19 - token: 6 - content: end
line 20 - token: 6 - content: end
line 22 - token: 9 - content: function
line 22 - token: 48 - content: prefix
line 22 - token: 37 - content: (
line 22 - token: 48 - content: w1
line 22 - token: 45 - content: ,
line 22 - token: 48 - content: w2
line 22 - token: 38 - content: )
line 23 - token: 17 - content: return
line 23 - token: 48 - content: w1
line 23 - token: 35 - content: ..
line 23 - token: 49 - content: '
    string content: ' '
line 23 - token: 35 - content: ..
line 23 - token: 48 - content: w2
line 24 - token: 6 - content: end
line 26 - token: 12 - content: local
line 26 - token: 48 - content: statetab
line 28 - token: 9 - content: function
line 28 - token: 48 - content: insert
line 28 - token: 37 - content: (
line 28 - token: 48 - content: index
line 28 - token: 45 - content: ,
line 28 - token: 48 - content: value
line 28 - token: 38 - content: )
line 29 - token: 10 - content: if
line 29 - token: 14 - content: not
line 29 - token: 48 - content: statetab
line 29 - token: 41 - content: [
line 29 - token: 48 - content: index
line 29 - token: 42 - content: ]
line 29 - token: 18 - content: then
line 30 - token: 48 - content: statetab
line 30 - token: 41 - content: [
line 30 - token: 48 - content: index
line 30 - token: 42 - content: ]
line 30 - token: 36 - content: =
line 30 - token: 39 - content: {
line 30 - token: 48 - content: n
line 30 - token: 36 - content: =
line 30 - token: 50 - content: 0
line 30 - token: 40 - content: }
line 31 - token: 6 - content: end
line 32 - token: 48 - content: table
line 32 - token: 46 - content: .
line 32 - token: 48 - content: insert
line 32 - token: 37 - content: (
line 32 - token: 48 - content: statetab
line 32 - token: 41 - content: [
line 32 - token: 48 - content: index
line 32 - token: 42 - content: ]
line 32 - token: 45 - content: ,
line 32 - token: 48 - content: value
line 32 - token: 38 - content: )
line 33 - token: 6 - content: end
line 35 - token: 12 - content: local
line 35 - token: 48 - content: N
line 35 - token: 36 - content: =
line 35 - token: 50 - content: 2
line 36 - token: 12 - content: local
line 36 - token: 48 - content: MAXGEN
line 36 - token: 36 - content: =
line 36 - token: 50 - content: 10000
line 37 - token: 12 - content: local
line 37 - token: 48 - content: NOWORD
line 37 - token: 36 - content: =
line 38 - token: 49 - content: "
    string content: "\n"
line 41 - token: 48 - content: statetab
line 41 - token: 36 - content: =
line 41 - token: 39 - content: {
line 41 - token: 40 - content: }
line 42 - token: 12 - content: local
line 42 - token: 48 - content: w1
line 42 - token: 45 - content: ,
line 42 - token: 48 - content: w2
line 42 - token: 36 - content: =
line 42 - token: 48 - content: NOWORD
line 42 - token: 45 - content: ,
line 42 - token: 48 - content: NOWORD
line 43 - token: 8 - content: for
line 43 - token: 48 - content: w
line 43 - token: 11 - content: in
line 43 - token: 48 - content: allwords
line 43 - token: 37 - content: (
line 43 - token: 38 - content: )
line 43 - token: 3 - content: do
line 44 - token: 48 - content: insert
line 44 - token: 37 - content: (
line 44 - token: 48 - content: prefix
line 44 - token: 37 - content: (
line 44 - token: 48 - content: w1
line 44 - token: 45 - content: ,
line 44 - token: 48 - content: w2
line 44 - token: 38 - content: )
line 44 - token: 45 - content: ,
line 44 - token: 48 - content: w
line 44 - token: 38 - content: )
line 45 - token: 48 - content: w1
line 45 - token: 36 - content: =
line 45 - token: 48 - content: w2
line 45 - token: 43 - content: ;
line 45 - token: 48 - content: w2
line 45 - token: 36 - content: =
line 45 - token: 48 - content: w
line 45 - token: 43 - content: ;
line 46 - token: 6 - content: end
line 47 - token: 48 - content: insert
line 47 - token: 37 - content: (
line 47 - token: 48 - content: prefix
line 47 - token: 37 - content: (
line 47 - token: 48 - content: w1
line 47 - token: 45 - content: ,
line 47 - token: 48 - content: w2
line 47 - token: 38 - content: )
line 47 - token: 45 - content: ,
line 47 - token: 48 - content: NOWORD
line 47 - token: 38 - content: )
line 51 - token: 48 - content: w1
line 51 - token: 36 - content: =
line 51 - token: 48 - content: NOWORD
line 51 - token: 43 - content: ;
line 51 - token: 48 - content: w2
line 51 - token: 36 - content: =
line 51 - token: 48 - content: NOWORD
line 52 - token: 8 - content: for
line 52 - token: 48 - content: i
line 52 - token: 36 - content: =
line 52 - token: 50 - content: 1
line 52 - token: 45 - content: ,
line 52 - token: 48 - content: MAXGEN
line 52 - token: 3 - content: do
line 53 - token: 12 - content: local
line 53 - token: 48 - content: list
line 53 - token: 36 - content: =
line 53 - token: 48 - content: statetab
line 53 - token: 41 - content: [
line 53 - token: 48 - content: prefix
line 53 - token: 37 - content: (
line 53 - token: 48 - content: w1
line 53 - token: 45 - content: ,
line 53 - token: 48 - content: w2
line 53 - token: 38 - content: )
line 53 - token: 42 - content: ]
line 55 - token: 12 - content: local
line 55 - token: 48 - content: r
line 55 - token: 36 - content: =
line 55 - token: 48 - content: math
line 55 - token: 46 - content: .
line 55 - token: 48 - content: random
line 55 - token: 37 - content: (
line 55 - token: 48 - content: table
line 55 - token: 46 - content: .
line 55 - token: 48 - content: getn
line 55 - token: 37 - content: (
line 55 - token: 48 - content: list
line 55 - token: 38 - content: )
line 55 - token: 38 - content: )
line 56 - token: 12 - content: local
line 56 - token: 48 - content: nextword
line 56 - token: 36 - content: =
line 56 - token: 48 - content: list
line 56 - token: 41 - content: [
line 56 - token: 48 - content: r
line 56 - token: 42 - content: ]
line 57 - token: 10 - content: if
line 57 - token: 48 - content: nextword
line 57 - token: 28 - content: ==
line 57 - token: 48 - content: NOWORD
line 57 - token: 18 - content: then
line 57 - token: 17 - content: return
line 57 - token: 6 - content: end
line 58 - token: 48 - content: io
line 58 - token: 46 - content: .
line 58 - token: 48 - content: write
line 58 - token: 37 - content: (
line 58 - token: 48 - content: nextword
line 58 - token: 45 - content: ,
line 58 - token: 49 - content: "
    string content: " "
line 58 - token: 38 - content: )
line 59 - token: 48 - content: w1
line 59 - token: 36 - content: =
line 59 - token: 48 - content: w2
line 59 - token: 43 - content: ;
line 59 - token: 48 - content: w2
line 59 - token: 36 - content: =
line 59 - token: 48 - content: nextword
line 60 - token: 6 - content: end
line 61 - token: 0 - content: 
