line 2 - token: 48 - content: print
line 2 - token: 37 - content: (
line 2 - token: 50 - content: 0
line 2 - token: 45 - content: ,
line 2 - token: 50 - content: 1
line 2 - token: 45 - content: ,
line 2 - token: 50 - content: 1.0
line 2 - token: 45 - content: ,
line 2 - token: 50 - content: 1
line 2 - token: 46 - content: .
line 2 - token: 45 - content: ,
line 2 - token: 50 - content: 0.1
line 2 - token: 45 - content: ,
line 2 - token: 46 - content: .
line 2 - token: 50 - content: 1
line 2 - token: 45 - content: ,
line 2 - token: 50 - content: 1e-1
line 2 - token: 45 - content: ,
line 2 - token: 50 - content: 1
line 2 - token: 46 - content: .
line 2 - token: 23 - content: -
line 2 - token: 50 - content: 1
line 2 - token: 45 - content: ,
line 2 - token: 46 - content: .
line 2 - token: 50 - content: 1e1
line 2 - token: 45 - content: ,
line 2 - token: 46 - content: .
line 2 - token: 50 - content: 1e+1
line 2 - token: 45 - content: ,
line 3 - token: 23 - content: -
line 3 - token: 50 - content: 1
line 3 - token: 45 - content: ,
line 3 - token: 23 - content: -
line 3 - token: 50 - content: 1.0
line 3 - token: 45 - content: ,
line 3 - token: 23 - content: -
line 3 - token: 50 - content: 1
line 3 - token: 46 - content: .
line 3 - token: 45 - content: ,
line 3 - token: 23 - content: -
line 3 - token: 50 - content: 0.1
line 3 - token: 45 - content: ,
line 3 - token: 23 - content: -
line 3 - token: 46 - content: .
line 3 - token: 50 - content: 1
line 3 - token: 45 - content: ,
line 3 - token: 23 - content: -
line 3 - token: 50 - content: 1e-1
line 3 - token: 45 - content: ,
line 3 - token: 23 - content: -
line 3 - token: 50 - content: 1
line 3 - token: 46 - content: .
line 3 - token: 23 - content: -
line 3 - token: 50 - content: 1
line 3 - token: 45 - content: ,
line 3 - token: 23 - content: -
line 3 - token: 46 - content: .
line 3 - token: 50 - content: 1e1
line 3 - token: 45 - content: ,
line 3 - token: 23 - content: -
line 3 - token: 46 - content: .
line 3 - token: 50 - content: 1e+1
line 3 - token: 45 - content: ,
line 4 - token: 50 - content: 3.14159
line 4 - token: 45 - content: ,
line 4 - token: 23 - content: -
line 4 - token: 50 - content: 1234.567e203
line 4 - token: 45 - content: ,
line 4 - token: 50 - content: 1048576
line 4 - token: 45 - content: ,
line 4 - token: 50 - content: 0x100000
line 4 - token: 45 - content: ,
line 4 - token: 23 - content: -
line 4 - token: 50 - content: 0x0123456789ABCDEF
line 4 - token: 45 - content: ,
line 5 - token: 50 - content: 0xAaBbCcDdEeFf
line 5 - token: 45 - content: ,
line 5 - token: 50 - content: 6.02214e23
line 5 - token: 38 - content: )
line 7 - token: 0 - content: 
