line 1 - token: 48 - content: print
line 1 - token: 37 - content: (
line 1 - token: 50 - content: 2
line 1 - token: 22 - content: +
line 1 - token: 50 - content: 4
line 1 - token: 45 - content: ,
line 1 - token: 50 - content: 2
line 1 - token: 24 - content: *
line 1 - token: 50 - content: 4
line 1 - token: 45 - content: ,
line 1 - token: 50 - content: 2
line 1 - token: 50 - content: -4
line 1 - token: 45 - content: ,
line 1 - token: 50 - content: 2
line 1 - token: 25 - content: /
line 1 - token: 50 - content: 4
line 1 - token: 45 - content: ,
line 1 - token: 50 - content: 2
line 1 - token: 26 - content: %
line 1 - token: 50 - content: 4
line 1 - token: 45 - content: ,
line 1 - token: 50 - content: 2
line 1 - token: 27 - content: ^
line 1 - token: 50 - content: 4
line 1 - token: 38 - content: )
line 2 - token: 48 - content: print
line 2 - token: 37 - content: (
line 2 - token: 50 - content: 2
line 2 - token: 35 - content: ..
line 2 - token: 50 - content: 4
line 2 - token: 38 - content: )
line 3 - token: 48 - content: print
line 3 - token: 37 - content: (
line 3 - token: 34 - content: #
line 3 - token: 49 - content: '
    string content: 'this string'
line 3 - token: 38 - content: )
line 4 - token: 48 - content: print
line 4 - token: 37 - content: (
line 4 - token: 50 - content: 2
line 4 - token: 28 - content: ==
line 4 - token: 50 - content: 4
line 4 - token: 45 - content: ,
line 4 - token: 50 - content: 2
line 4 - token: 29 - content: ~=
line 4 - token: 50 - content: 4
line 4 - token: 45 - content: ,
line 4 - token: 50 - content: 2
line 4 - token: 30 - content: <=
line 4 - token: 50 - content: 4
line 4 - token: 45 - content: ,
line 4 - token: 50 - content: 2
line 4 - token: 31 - content: >=
line 4 - token: 50 - content: 4
line 4 - token: 45 - content: ,
line 4 - token: 50 - content: 2
line 4 - token: 32 - content: <
line 4 - token: 50 - content: 4
line 4 - token: 45 - content: ,
line 4 - token: 50 - content: 2
line 4 - token: 33 - content: >
line 4 - token: 50 - content: 4
line 4 - token: 38 - content: )
line 5 - token: 48 - content: value
line 5 - token: 36 - content: =
line 5 - token: 50 - content: 2
line 5 - token: 28 - content: ==
line 5 - token: 50 - content: 4
line 5 - token: 15 - content: or
line 5 - token: 50 - content: 2
line 5 - token: 29 - content: ~=
line 5 - token: 50 - content: 4
line 6 - token: 48 - content: print
line 6 - token: 37 - content: (
line 6 - token: 48 - content: value
line 6 - token: 38 - content: )
line 7 - token: 0 - content: 
